build/app/intermediates/manifest_merge_blame_file/debug/manifest-merger-blame-debug-report.txt
1<?xml version="1.0" encoding="utf-8"?>
2<manifest xmlns:android="http://schemas.android.com/apk/res/android"
3    package="com.example.singularsplash"
4    android:versionCode="1"
5    android:versionName="1.0.0" >
6
7    <uses-sdk
8        android:minSdkVersion="19"
9        android:targetSdkVersion="30" />
10    <!--
11         Flutter needs it to communicate with the running application
12         to allow setting breakpoints, to provide hot reload, etc.
13    -->
14    <uses-permission android:name="android.permission.INTERNET" />
14-->src/main/AndroidManifest.xml:4:4-66
14-->src/main/AndroidManifest.xml:4:21-63
15    <uses-permission android:name="android.permission.WRITE_EXTERNAL_STORAGE" />
15-->src/main/AndroidManifest.xml:5:4-79
15-->src/main/AndroidManifest.xml:5:21-77
16    <uses-permission android:name="android.permission.READ_EXTERNAL_STORAGE" />
16-->src/main/AndroidManifest.xml:6:4-78
16-->src/main/AndroidManifest.xml:6:21-76
17    <uses-permission android:name="android.permission.SET_WALLPAPER" /> <!-- See https://developer.android.com/training/package-visibility -->
17-->src/main/AndroidManifest.xml:7:4-71
17-->src/main/AndroidManifest.xml:7:21-68
18    <queries>
18-->[:flutter_downloader] AndroidManifest.xml:10:5-14:15
19        <intent>
19-->[:flutter_downloader] AndroidManifest.xml:11:9-13:18
20            <action android:name="android.intent.action.VIEW" />
20-->[:flutter_downloader] AndroidManifest.xml:12:13-65
20-->[:flutter_downloader] AndroidManifest.xml:12:21-62
21        </intent>
22    </queries>
23
24    <uses-permission android:name="android.permission.POST_NOTIFICATIONS" />
24-->[:flutter_downloader] AndroidManifest.xml:16:5-77
24-->[:flutter_downloader] AndroidManifest.xml:16:22-74
25    <uses-permission android:name="android.permission.WAKE_LOCK" />
25-->[androidx.work:work-runtime:2.7.1] AndroidManifest.xml:25:5-68
25-->[androidx.work:work-runtime:2.7.1] AndroidManifest.xml:25:22-65
26    <uses-permission android:name="android.permission.ACCESS_NETWORK_STATE" />
26-->[androidx.work:work-runtime:2.7.1] AndroidManifest.xml:26:5-79
26-->[androidx.work:work-runtime:2.7.1] AndroidManifest.xml:26:22-76
27    <uses-permission android:name="android.permission.RECEIVE_BOOT_COMPLETED" />
27-->[androidx.work:work-runtime:2.7.1] AndroidManifest.xml:27:5-81
27-->[androidx.work:work-runtime:2.7.1] AndroidManifest.xml:27:22-78
28    <uses-permission android:name="android.permission.FOREGROUND_SERVICE" />
28-->[androidx.work:work-runtime:2.7.1] AndroidManifest.xml:28:5-77
28-->[androidx.work:work-runtime:2.7.1] AndroidManifest.xml:28:22-74
29
30    <permission
30-->[androidx.core:core:1.9.0] AndroidManifest.xml:22:5-24:47
31        android:name="com.example.singularsplash.DYNAMIC_RECEIVER_NOT_EXPORTED_PERMISSION"
31-->[androidx.core:core:1.9.0] AndroidManifest.xml:23:9-81
32        android:protectionLevel="signature" />
32-->[androidx.core:core:1.9.0] AndroidManifest.xml:24:9-44
33
34    <uses-permission android:name="com.example.singularsplash.DYNAMIC_RECEIVER_NOT_EXPORTED_PERMISSION" />
34-->[androidx.core:core:1.9.0] AndroidManifest.xml:26:5-97
34-->[androidx.core:core:1.9.0] AndroidManifest.xml:26:22-94
35
36    <application
36-->src/main/AndroidManifest.xml:9:4-57:19
37        android:appComponentFactory="androidx.core.app.CoreComponentFactory"
37-->[androidx.core:core:1.9.0] AndroidManifest.xml:28:18-86
38        android:debuggable="true"
39        android:icon="@mipmap/ic_launcher"
39-->src/main/AndroidManifest.xml:11:9-43
40        android:label="SingularSplash"
40-->src/main/AndroidManifest.xml:10:9-39
41        android:requestLegacyExternalStorage="true" >
41-->src/main/AndroidManifest.xml:12:9-52
42        <provider
43            android:name="vn.hunghd.flutterdownloader.DownloadedFileProvider"
44            android:authorities="com.example.singularsplash.flutter_downloader.provider"
45            android:exported="false"
46            android:grantUriPermissions="true" >
47            <meta-data
48                android:name="android.support.FILE_PROVIDER_PATHS"
49                android:resource="@xml/provider_paths" />
50        </provider>
51
52        <activity
52-->src/main/AndroidManifest.xml:23:9-51:20
53            android:name="com.example.singularsplash.MainActivity"
53-->src/main/AndroidManifest.xml:24:13-41
54            android:configChanges="orientation|keyboardHidden|keyboard|screenSize|smallestScreenSize|locale|layoutDirection|fontScale|screenLayout|density|uiMode"
54-->src/main/AndroidManifest.xml:27:13-163
55            android:hardwareAccelerated="true"
55-->src/main/AndroidManifest.xml:28:13-47
56            android:launchMode="singleTop"
56-->src/main/AndroidManifest.xml:25:13-43
57            android:theme="@style/LaunchTheme"
57-->src/main/AndroidManifest.xml:26:13-47
58            android:windowSoftInputMode="adjustResize" >
58-->src/main/AndroidManifest.xml:29:13-55
59
60            <!--
61                 Specifies an Android theme to apply to this Activity as soon as
62                 the Android process has started. This theme is visible to the user
63                 while the Flutter UI initializes. After that, this theme continues
64                 to determine the Window background behind the Flutter UI.
65            -->
66            <meta-data
66-->src/main/AndroidManifest.xml:34:13-37:17
67                android:name="io.flutter.embedding.android.NormalTheme"
67-->src/main/AndroidManifest.xml:35:15-70
68                android:resource="@style/NormalTheme" />
68-->src/main/AndroidManifest.xml:36:15-52
69            <!--
70                 Displays an Android View that continues showing the launch screen
71                 Drawable until Flutter paints its first frame, then this splash
72                 screen fades out. A splash screen is useful to avoid any visual
73                 gap between the end of Android's launch screen and the painting of
74                 Flutter's first frame.
75            -->
76            <meta-data
76-->src/main/AndroidManifest.xml:43:13-46:17
77                android:name="io.flutter.embedding.android.SplashScreenDrawable"
77-->src/main/AndroidManifest.xml:44:15-79
78                android:resource="@drawable/launch_background" />
78-->src/main/AndroidManifest.xml:45:15-61
79
80            <intent-filter>
80-->src/main/AndroidManifest.xml:47:13-50:29
81                <action android:name="android.intent.action.MAIN" />
81-->src/main/AndroidManifest.xml:48:17-68
81-->src/main/AndroidManifest.xml:48:25-66
82
83                <category android:name="android.intent.category.LAUNCHER" />
83-->src/main/AndroidManifest.xml:49:17-76
83-->src/main/AndroidManifest.xml:49:27-74
84            </intent-filter>
85        </activity>
86        <!--
87             Don't delete the meta-data below.
88             This is used by the Flutter tool to generate GeneratedPluginRegistrant.java
89        -->
90        <meta-data
90-->src/main/AndroidManifest.xml:54:9-56:33
91            android:name="flutterEmbedding"
91-->src/main/AndroidManifest.xml:55:13-44
92            android:value="2" />
92-->src/main/AndroidManifest.xml:56:13-30
93
94        <activity
94-->[:url_launcher_android] AndroidManifest.xml:10:9-13:74
95            android:name="io.flutter.plugins.urllauncher.WebViewActivity"
95-->[:url_launcher_android] AndroidManifest.xml:11:13-74
96            android:exported="false"
96-->[:url_launcher_android] AndroidManifest.xml:12:13-37
97            android:theme="@android:style/Theme.NoTitleBar.Fullscreen" />
97-->[:url_launcher_android] AndroidManifest.xml:13:13-71
98
99        <uses-library
99-->[androidx.window:window:1.0.0-beta04] AndroidManifest.xml:25:9-27:40
100            android:name="androidx.window.extensions"
100-->[androidx.window:window:1.0.0-beta04] AndroidManifest.xml:26:13-54
101            android:required="false" />
101-->[androidx.window:window:1.0.0-beta04] AndroidManifest.xml:27:13-37
102        <uses-library
102-->[androidx.window:window:1.0.0-beta04] AndroidManifest.xml:28:9-30:40
103            android:name="androidx.window.sidecar"
103-->[androidx.window:window:1.0.0-beta04] AndroidManifest.xml:29:13-51
104            android:required="false" />
104-->[androidx.window:window:1.0.0-beta04] AndroidManifest.xml:30:13-37
105
106        <provider
106-->[androidx.work:work-runtime:2.7.1] AndroidManifest.xml:31:9-39:20
107            android:name="androidx.startup.InitializationProvider"
107-->[androidx.work:work-runtime:2.7.1] AndroidManifest.xml:32:13-67
108            android:authorities="com.example.singularsplash.androidx-startup"
108-->[androidx.work:work-runtime:2.7.1] AndroidManifest.xml:33:13-68
109            android:exported="false" >
109-->[androidx.work:work-runtime:2.7.1] AndroidManifest.xml:34:13-37
110            <meta-data
110-->[androidx.work:work-runtime:2.7.1] AndroidManifest.xml:36:13-38:52
111                android:name="androidx.work.WorkManagerInitializer"
111-->[androidx.work:work-runtime:2.7.1] AndroidManifest.xml:37:17-68
112                android:value="androidx.startup" />
112-->[androidx.work:work-runtime:2.7.1] AndroidManifest.xml:38:17-49
113        </provider>
114
115        <service
115-->[androidx.work:work-runtime:2.7.1] AndroidManifest.xml:41:9-46:35
116            android:name="androidx.work.impl.background.systemalarm.SystemAlarmService"
116-->[androidx.work:work-runtime:2.7.1] AndroidManifest.xml:42:13-88
117            android:directBootAware="false"
117-->[androidx.work:work-runtime:2.7.1] AndroidManifest.xml:43:13-44
118            android:enabled="@bool/enable_system_alarm_service_default"
118-->[androidx.work:work-runtime:2.7.1] AndroidManifest.xml:44:13-72
119            android:exported="false" />
119-->[androidx.work:work-runtime:2.7.1] AndroidManifest.xml:45:13-37
120        <service
120-->[androidx.work:work-runtime:2.7.1] AndroidManifest.xml:47:9-53:35
121            android:name="androidx.work.impl.background.systemjob.SystemJobService"
121-->[androidx.work:work-runtime:2.7.1] AndroidManifest.xml:48:13-84
122            android:directBootAware="false"
122-->[androidx.work:work-runtime:2.7.1] AndroidManifest.xml:49:13-44
123            android:enabled="@bool/enable_system_job_service_default"
123-->[androidx.work:work-runtime:2.7.1] AndroidManifest.xml:50:13-70
124            android:exported="true"
124-->[androidx.work:work-runtime:2.7.1] AndroidManifest.xml:51:13-36
125            android:permission="android.permission.BIND_JOB_SERVICE" />
125-->[androidx.work:work-runtime:2.7.1] AndroidManifest.xml:52:13-69
126        <service
126-->[androidx.work:work-runtime:2.7.1] AndroidManifest.xml:54:9-59:35
127            android:name="androidx.work.impl.foreground.SystemForegroundService"
127-->[androidx.work:work-runtime:2.7.1] AndroidManifest.xml:55:13-81
128            android:directBootAware="false"
128-->[androidx.work:work-runtime:2.7.1] AndroidManifest.xml:56:13-44
129            android:enabled="@bool/enable_system_foreground_service_default"
129-->[androidx.work:work-runtime:2.7.1] AndroidManifest.xml:57:13-77
130            android:exported="false" />
130-->[androidx.work:work-runtime:2.7.1] AndroidManifest.xml:58:13-37
131
132        <receiver
132-->[androidx.work:work-runtime:2.7.1] AndroidManifest.xml:61:9-66:35
133            android:name="androidx.work.impl.utils.ForceStopRunnable$BroadcastReceiver"
133-->[androidx.work:work-runtime:2.7.1] AndroidManifest.xml:62:13-88
134            android:directBootAware="false"
134-->[androidx.work:work-runtime:2.7.1] AndroidManifest.xml:63:13-44
135            android:enabled="true"
135-->[androidx.work:work-runtime:2.7.1] AndroidManifest.xml:64:13-35
136            android:exported="false" />
136-->[androidx.work:work-runtime:2.7.1] AndroidManifest.xml:65:13-37
137        <receiver
137-->[androidx.work:work-runtime:2.7.1] AndroidManifest.xml:67:9-77:20
138            android:name="androidx.work.impl.background.systemalarm.ConstraintProxy$BatteryChargingProxy"
138-->[androidx.work:work-runtime:2.7.1] AndroidManifest.xml:68:13-106
139            android:directBootAware="false"
139-->[androidx.work:work-runtime:2.7.1] AndroidManifest.xml:69:13-44
140            android:enabled="false"
140-->[androidx.work:work-runtime:2.7.1] AndroidManifest.xml:70:13-36
141            android:exported="false" >
141-->[androidx.work:work-runtime:2.7.1] AndroidManifest.xml:71:13-37
142            <intent-filter>
142-->[androidx.work:work-runtime:2.7.1] AndroidManifest.xml:73:13-76:29
143                <action android:name="android.intent.action.ACTION_POWER_CONNECTED" />
143-->[androidx.work:work-runtime:2.7.1] AndroidManifest.xml:74:17-87
143-->[androidx.work:work-runtime:2.7.1] AndroidManifest.xml:74:25-84
144                <action android:name="android.intent.action.ACTION_POWER_DISCONNECTED" />
144-->[androidx.work:work-runtime:2.7.1] AndroidManifest.xml:75:17-90
144-->[androidx.work:work-runtime:2.7.1] AndroidManifest.xml:75:25-87
145            </intent-filter>
146        </receiver>
147        <receiver
147-->[androidx.work:work-runtime:2.7.1] AndroidManifest.xml:78:9-88:20
148            android:name="androidx.work.impl.background.systemalarm.ConstraintProxy$BatteryNotLowProxy"
148-->[androidx.work:work-runtime:2.7.1] AndroidManifest.xml:79:13-104
149            android:directBootAware="false"
149-->[androidx.work:work-runtime:2.7.1] AndroidManifest.xml:80:13-44
150            android:enabled="false"
150-->[androidx.work:work-runtime:2.7.1] AndroidManifest.xml:81:13-36
151            android:exported="false" >
151-->[androidx.work:work-runtime:2.7.1] AndroidManifest.xml:82:13-37
152            <intent-filter>
152-->[androidx.work:work-runtime:2.7.1] AndroidManifest.xml:84:13-87:29
153                <action android:name="android.intent.action.BATTERY_OKAY" />
153-->[androidx.work:work-runtime:2.7.1] AndroidManifest.xml:85:17-77
153-->[androidx.work:work-runtime:2.7.1] AndroidManifest.xml:85:25-74
154                <action android:name="android.intent.action.BATTERY_LOW" />
154-->[androidx.work:work-runtime:2.7.1] AndroidManifest.xml:86:17-76
154-->[androidx.work:work-runtime:2.7.1] AndroidManifest.xml:86:25-73
155            </intent-filter>
156        </receiver>
157        <receiver
157-->[androidx.work:work-runtime:2.7.1] AndroidManifest.xml:89:9-99:20
158            android:name="androidx.work.impl.background.systemalarm.ConstraintProxy$StorageNotLowProxy"
158-->[androidx.work:work-runtime:2.7.1] AndroidManifest.xml:90:13-104
159            android:directBootAware="false"
159-->[androidx.work:work-runtime:2.7.1] AndroidManifest.xml:91:13-44
160            android:enabled="false"
160-->[androidx.work:work-runtime:2.7.1] AndroidManifest.xml:92:13-36
161            android:exported="false" >
161-->[androidx.work:work-runtime:2.7.1] AndroidManifest.xml:93:13-37
162            <intent-filter>
162-->[androidx.work:work-runtime:2.7.1] AndroidManifest.xml:95:13-98:29
163                <action android:name="android.intent.action.DEVICE_STORAGE_LOW" />
163-->[androidx.work:work-runtime:2.7.1] AndroidManifest.xml:96:17-83
163-->[androidx.work:work-runtime:2.7.1] AndroidManifest.xml:96:25-80
164                <action android:name="android.intent.action.DEVICE_STORAGE_OK" />
164-->[androidx.work:work-runtime:2.7.1] AndroidManifest.xml:97:17-82
164-->[androidx.work:work-runtime:2.7.1] AndroidManifest.xml:97:25-79
165            </intent-filter>
166        </receiver>
167        <receiver
167-->[androidx.work:work-runtime:2.7.1] AndroidManifest.xml:100:9-109:20
168            android:name="androidx.work.impl.background.systemalarm.ConstraintProxy$NetworkStateProxy"
168-->[androidx.work:work-runtime:2.7.1] AndroidManifest.xml:101:13-103
169            android:directBootAware="false"
169-->[androidx.work:work-runtime:2.7.1] AndroidManifest.xml:102:13-44
170            android:enabled="false"
170-->[androidx.work:work-runtime:2.7.1] AndroidManifest.xml:103:13-36
171            android:exported="false" >
171-->[androidx.work:work-runtime:2.7.1] AndroidManifest.xml:104:13-37
172            <intent-filter>
172-->[androidx.work:work-runtime:2.7.1] AndroidManifest.xml:106:13-108:29
173                <action android:name="android.net.conn.CONNECTIVITY_CHANGE" />
173-->[androidx.work:work-runtime:2.7.1] AndroidManifest.xml:107:17-79
173-->[androidx.work:work-runtime:2.7.1] AndroidManifest.xml:107:25-76
174            </intent-filter>
175        </receiver>
176        <receiver
176-->[androidx.work:work-runtime:2.7.1] AndroidManifest.xml:110:9-121:20
177            android:name="androidx.work.impl.background.systemalarm.RescheduleReceiver"
177-->[androidx.work:work-runtime:2.7.1] AndroidManifest.xml:111:13-88
178            android:directBootAware="false"
178-->[androidx.work:work-runtime:2.7.1] AndroidManifest.xml:112:13-44
179            android:enabled="false"
179-->[androidx.work:work-runtime:2.7.1] AndroidManifest.xml:113:13-36
180            android:exported="false" >
180-->[androidx.work:work-runtime:2.7.1] AndroidManifest.xml:114:13-37
181            <intent-filter>
181-->[androidx.work:work-runtime:2.7.1] AndroidManifest.xml:116:13-120:29
182                <action android:name="android.intent.action.BOOT_COMPLETED" />
182-->[androidx.work:work-runtime:2.7.1] AndroidManifest.xml:117:17-79
182-->[androidx.work:work-runtime:2.7.1] AndroidManifest.xml:117:25-76
183                <action android:name="android.intent.action.TIME_SET" />
183-->[androidx.work:work-runtime:2.7.1] AndroidManifest.xml:118:17-73
183-->[androidx.work:work-runtime:2.7.1] AndroidManifest.xml:118:25-70
184                <action android:name="android.intent.action.TIMEZONE_CHANGED" />
184-->[androidx.work:work-runtime:2.7.1] AndroidManifest.xml:119:17-81
184-->[androidx.work:work-runtime:2.7.1] AndroidManifest.xml:119:25-78
185            </intent-filter>
186        </receiver>
187        <receiver
187-->[androidx.work:work-runtime:2.7.1] AndroidManifest.xml:122:9-131:20
188            android:name="androidx.work.impl.background.systemalarm.ConstraintProxyUpdateReceiver"
188-->[androidx.work:work-runtime:2.7.1] AndroidManifest.xml:123:13-99
189            android:directBootAware="false"
189-->[androidx.work:work-runtime:2.7.1] AndroidManifest.xml:124:13-44
190            android:enabled="@bool/enable_system_alarm_service_default"
190-->[androidx.work:work-runtime:2.7.1] AndroidManifest.xml:125:13-72
191            android:exported="false" >
191-->[androidx.work:work-runtime:2.7.1] AndroidManifest.xml:126:13-37
192            <intent-filter>
192-->[androidx.work:work-runtime:2.7.1] AndroidManifest.xml:128:13-130:29
193                <action android:name="androidx.work.impl.background.systemalarm.UpdateProxies" />
193-->[androidx.work:work-runtime:2.7.1] AndroidManifest.xml:129:17-98
193-->[androidx.work:work-runtime:2.7.1] AndroidManifest.xml:129:25-95
194            </intent-filter>
195        </receiver>
196        <receiver
196-->[androidx.work:work-runtime:2.7.1] AndroidManifest.xml:132:9-142:20
197            android:name="androidx.work.impl.diagnostics.DiagnosticsReceiver"
197-->[androidx.work:work-runtime:2.7.1] AndroidManifest.xml:133:13-78
198            android:directBootAware="false"
198-->[androidx.work:work-runtime:2.7.1] AndroidManifest.xml:134:13-44
199            android:enabled="true"
199-->[androidx.work:work-runtime:2.7.1] AndroidManifest.xml:135:13-35
200            android:exported="true"
200-->[androidx.work:work-runtime:2.7.1] AndroidManifest.xml:136:13-36
201            android:permission="android.permission.DUMP" >
201-->[androidx.work:work-runtime:2.7.1] AndroidManifest.xml:137:13-57
202            <intent-filter>
202-->[androidx.work:work-runtime:2.7.1] AndroidManifest.xml:139:13-141:29
203                <action android:name="androidx.work.diagnostics.REQUEST_DIAGNOSTICS" />
203-->[androidx.work:work-runtime:2.7.1] AndroidManifest.xml:140:17-88
203-->[androidx.work:work-runtime:2.7.1] AndroidManifest.xml:140:25-85
204            </intent-filter>
205        </receiver>
206
207        <service
207-->[androidx.room:room-runtime:2.2.5] AndroidManifest.xml:25:9-28:40
208            android:name="androidx.room.MultiInstanceInvalidationService"
208-->[androidx.room:room-runtime:2.2.5] AndroidManifest.xml:26:13-74
209            android:directBootAware="true"
209-->[androidx.room:room-runtime:2.2.5] AndroidManifest.xml:27:13-43
210            android:exported="false" />
210-->[androidx.room:room-runtime:2.2.5] AndroidManifest.xml:28:13-37
211    </application>
212
213</manifest>